[INFO]    SERVER 2: 	2016-12-10 19:42:29 - DEBUG_LEVEL 0
************************
[INFO]    SERVER 2: Initialized on Port:4002
[INFO]    SERVER 2: Starting server 2
[INFO]    SERVER 2: Listening for connections to port 4002...
[INFO]    SERVER 2: Accepting connections on port 4002
[INFO]    SERVER 2: 	2016-12-10 20:05:02 - DEBUG_LEVEL 0
************************
[INFO]    SERVER 2: Initialized on Port:4002
[INFO]    SERVER 2: Starting server 2
[INFO]    SERVER 2: Listening for connections to port 4002...
[INFO]    SERVER 2: Accepting connections on port 4002
[INFO]    SERVER 2: 	2016-12-10 20:30:37 - DEBUG_LEVEL 0
************************
[INFO]    SERVER 2: Initialized on Port:4002
[INFO]    SERVER 2: Starting server 2
[INFO]    SERVER 2: Listening for connections to port 4002...
[INFO]    SERVER 2: Accepting connections on port 4002
[INFO]    SERVER 2: 	2016-12-12 13:49:07 - DEBUG_LEVEL 0
************************
[INFO]    SERVER 2: Initialized on Port:4002
[INFO]    SERVER 2: Starting server 2
[INFO]    SERVER 2: Listening for connections to port 4002...
[INFO]    SERVER 2: Accepting connections on port 4002
[INFO]    SERVER 2: Accepted connection from localhost (IP:)
[INFO]    SERVER 2: Accepting connections on port 4002
[INFO]    SERVER 2: 
********************************************************
[INFO]    SERVER 2: READ msg from 1, Object ID: A-280009, Tag Rcvd: <0,0>, Local Tag: <0, 0>
[INFO]    SERVER 2: ---------------------------------------------------------
[INFO]    SERVER 2: READACK to 1, rcvTag=<0,0>, sendTag=<0,0>
[INFO]    SERVER 2: ********************************************************
[INFO]    SERVER 2: 
********************************************************
[INFO]    SERVER 2: WRITE msg from 1, Object ID: A-280009, Tag Rcvd: <1,1>, Local Tag: <0, 0>
[INFO]    SERVER 2: ---------------------------------------------------------
[INFO]    SERVER 2: Receiving file...0
[INFO]    SERVER 2: New maxTag=<1,1> From:1
 --> Copied journal from ./server_2/rcvd_files/src1.[1,1].A-280009.temp to ./server_2/A-280009
[INFO]    SERVER 2: WRITEACK from 1, rcvTag=<1,1>, sendTag=<1,1>
[INFO]    SERVER 2: ********************************************************
[INFO]    SERVER 2: Accepted connection from localhost (IP:)
[INFO]    SERVER 2: Accepting connections on port 4002
[INFO]    SERVER 2: 
********************************************************
[INFO]    SERVER 2: READ msg from 1, Object ID: A-280009, Tag Rcvd: <0,0>, Local Tag: <1, 1>
[INFO]    SERVER 2: ---------------------------------------------------------
[INFO]    SERVER 2: Transmitting file...0
[INFO]    SERVER 2: READACK to 1, rcvTag=<0,0>, sendTag=<1,1>
[INFO]    SERVER 2: ********************************************************
[INFO]    SERVER 2: 
********************************************************
[INFO]    SERVER 2: WRITE msg from 1, Object ID: A-280009, Tag Rcvd: <1,1>, Local Tag: <1, 1>
[INFO]    SERVER 2: ---------------------------------------------------------
[INFO]    SERVER 2: Receiving file...0
[INFO]    SERVER 2: WRITEACK from 1, rcvTag=<1,1>, sendTag=<1,1>
[INFO]    SERVER 2: ********************************************************
