[INFO]    SERVER 0: 	2016-12-10 19:42:27 - DEBUG_LEVEL 0
************************
[INFO]    SERVER 0: Initialized on Port:4000
[INFO]    SERVER 0: Starting server 0
[INFO]    SERVER 0: Listening for connections to port 4000...
[INFO]    SERVER 0: Accepting connections on port 4000
[INFO]    SERVER 0: 	2016-12-10 20:05:01 - DEBUG_LEVEL 0
************************
[INFO]    SERVER 0: Initialized on Port:4000
[INFO]    SERVER 0: Starting server 0
[INFO]    SERVER 0: Listening for connections to port 4000...
[INFO]    SERVER 0: Accepting connections on port 4000
[INFO]    SERVER 0: 	2016-12-10 20:30:36 - DEBUG_LEVEL 0
************************
[INFO]    SERVER 0: Initialized on Port:4000
[INFO]    SERVER 0: Starting server 0
[INFO]    SERVER 0: Listening for connections to port 4000...
[INFO]    SERVER 0: Accepting connections on port 4000
[INFO]    SERVER 0: 	2016-12-12 13:49:06 - DEBUG_LEVEL 0
************************
[INFO]    SERVER 0: Initialized on Port:4000
[INFO]    SERVER 0: Starting server 0
[INFO]    SERVER 0: Listening for connections to port 4000...
[INFO]    SERVER 0: Accepting connections on port 4000
[INFO]    SERVER 0: Accepted connection from localhost (IP:)
[INFO]    SERVER 0: Accepting connections on port 4000
[INFO]    SERVER 0: 
********************************************************
[INFO]    SERVER 0: READ msg from 1, Object ID: A-280009, Tag Rcvd: <0,0>, Local Tag: <0, 0>
[INFO]    SERVER 0: ---------------------------------------------------------
[INFO]    SERVER 0: READACK to 1, rcvTag=<0,0>, sendTag=<0,0>
[INFO]    SERVER 0: ********************************************************
[INFO]    SERVER 0: 
********************************************************
[INFO]    SERVER 0: WRITE msg from 1, Object ID: A-280009, Tag Rcvd: <1,1>, Local Tag: <0, 0>
[INFO]    SERVER 0: ---------------------------------------------------------
[INFO]    SERVER 0: Receiving file...0
[INFO]    SERVER 0: New maxTag=<1,1> From:1
 --> Copied journal from ./server_0/rcvd_files/src1.[1,1].A-280009.temp to ./server_0/A-280009
[INFO]    SERVER 0: WRITEACK from 1, rcvTag=<1,1>, sendTag=<1,1>
[INFO]    SERVER 0: ********************************************************
[INFO]    SERVER 0: Accepted connection from localhost (IP:)
[INFO]    SERVER 0: Accepting connections on port 4000
[INFO]    SERVER 0: 
********************************************************
[INFO]    SERVER 0: READ msg from 1, Object ID: A-280009, Tag Rcvd: <0,0>, Local Tag: <1, 1>
[INFO]    SERVER 0: ---------------------------------------------------------
[INFO]    SERVER 0: Transmitting file...0
[INFO]    SERVER 0: READACK to 1, rcvTag=<0,0>, sendTag=<1,1>
[INFO]    SERVER 0: ********************************************************
[INFO]    SERVER 0: 
********************************************************
[INFO]    SERVER 0: WRITE msg from 1, Object ID: A-280009, Tag Rcvd: <1,1>, Local Tag: <1, 1>
[INFO]    SERVER 0: ---------------------------------------------------------
[INFO]    SERVER 0: Receiving file...0
[INFO]    SERVER 0: WRITEACK from 1, rcvTag=<1,1>, sendTag=<1,1>
[INFO]    SERVER 0: ********************************************************
